<?xml version="1.0" encoding="UTF-8"?>
<!-- Generated by org.testng.reporters.JUnitXMLReporter -->
<testsuite ignored="2" hostname="DESKTOP-LL6TH46" failures="0" tests="2" name="Test" time="63.671" errors="0" timestamp="2025-01-29T19:32:34 IST">
  <testcase classname="testCases.LoginTest" name="userLoginWithValidUsernameAndValidPassword" time="8.167"/>
  <testcase classname="testCases.LoginTest" name="userLoginWithValidUsernameAndInValidPassword" time="0.755"/>
  <testcase classname="testCases.LoginTest" name="userLoginWithInValidUsernameAndValidPassword" time="0.0">
    <ignored/>
  </testcase> <!-- userLoginWithInValidUsernameAndValidPassword -->
  <testcase classname="testCases.LoginTest" name="userLoginWithInValidUsernameAndInValidPassword" time="0.0">
    <ignored/>
  </testcase> <!-- userLoginWithInValidUsernameAndInValidPassword -->
</testsuite> <!-- Test -->
