<?xml version="1.0" encoding="UTF-8"?>
<testng-results ignored="0" total="1" passed="1" failed="0" skipped="0">
  <reporter-output>
  </reporter-output>
  <suite started-at="2025-02-04T07:37:20 IST" name="Suite" finished-at="2025-02-04T07:37:59 IST" duration-ms="39307">
    <groups>
      <group name="smoke">
        <method signature="SubCategoryTest.addingANewSubCategoryInTheSubCategoryField()[pri:1, instance:testCases.SubCategoryTest@68746f22]" name="addingANewSubCategoryInTheSubCategoryField" class="testCases.SubCategoryTest"/>
      </group> <!-- smoke -->
    </groups>
    <test started-at="2025-02-04T07:37:20 IST" name="Test" finished-at="2025-02-04T07:37:59 IST" duration-ms="39307">
      <class name="testCases.SubCategoryTest">
        <test-method is-config="true" signature="initializeBrowser(java.lang.String)[pri:0, instance:testCases.SubCategoryTest@68746f22]" started-at="2025-02-04T07:37:20 IST" name="initializeBrowser" finished-at="2025-02-04T07:37:40 IST" duration-ms="20326" status="PASS">
          <params>
            <param index="0">
              <value>
                <![CDATA[Chrome]]>
              </value>
            </param>
          </params>
          <reporter-output>
          </reporter-output>
        </test-method> <!-- initializeBrowser -->
        <test-method signature="addingANewSubCategoryInTheSubCategoryField()[pri:1, instance:testCases.SubCategoryTest@68746f22]" started-at="2025-02-04T07:37:40 IST" name="addingANewSubCategoryInTheSubCategoryField" description="add a subcategory" finished-at="2025-02-04T07:37:59 IST" duration-ms="18556" status="PASS">
          <reporter-output>
          </reporter-output>
        </test-method> <!-- addingANewSubCategoryInTheSubCategoryField -->
        <test-method is-config="true" signature="driverQuit(org.testng.ITestResult)[pri:0, instance:testCases.SubCategoryTest@68746f22]" started-at="2025-02-04T07:37:59 IST" name="driverQuit" finished-at="2025-02-04T07:37:59 IST" duration-ms="2" status="PASS">
          <params>
            <param index="0">
              <value>
                <![CDATA[[TestResult name=addingANewSubCategoryInTheSubCategoryField status=SUCCESS method=SubCategoryTest.addingANewSubCategoryInTheSubCategoryField()[pri:1, instance:testCases.SubCategoryTest@68746f22] output={null}]]]>
              </value>
            </param>
          </params>
          <reporter-output>
          </reporter-output>
        </test-method> <!-- driverQuit -->
      </class> <!-- testCases.SubCategoryTest -->
    </test> <!-- Test -->
  </suite> <!-- Suite -->
</testng-results>
