<?xml version="1.0" encoding="UTF-8"?>
<!-- Generated by org.testng.reporters.JUnitXMLReporter -->
<testsuite ignored="3" hostname="DESKTOP-LL6TH46" failures="0" tests="1" name="Test1" time="20.394" errors="0" timestamp="2025-01-29T17:05:58 IST">
  <testcase classname="testCases.LoginTest" name="userLoginWithValidUsernameAndValidPassword" time="6.936"/>
  <testcase classname="testCases.LoginTest" name="userLoginWithValidUsernameAndInValidPassword" time="0.0">
    <ignored/>
  </testcase> <!-- userLoginWithValidUsernameAndInValidPassword -->
  <testcase classname="testCases.LoginTest" name="userLoginWithInValidUsernameAndInValidPassword" time="0.0">
    <ignored/>
  </testcase> <!-- userLoginWithInValidUsernameAndInValidPassword -->
  <testcase classname="testCases.LoginTest" name="userLoginWithInValidUsernameAndValidPassword" time="0.0">
    <ignored/>
  </testcase> <!-- userLoginWithInValidUsernameAndValidPassword -->
</testsuite> <!-- Test1 -->
