<?xml version="1.0" encoding="UTF-8"?>
<!-- Generated by org.testng.reporters.JUnitXMLReporter -->
<testsuite ignored="3" hostname="DESKTOP-LL6TH46" failures="0" tests="1" name="Test3" time="10.228" errors="0" timestamp="2025-01-29T17:06:22 IST">
  <testcase classname="testCases.LoginTest" name="userLoginWithInValidUsernameAndValidPassword" time="0.838"/>
  <testcase classname="testCases.LoginTest" name="userLoginWithValidUsernameAndValidPassword" time="0.0">
    <ignored/>
  </testcase> <!-- userLoginWithValidUsernameAndValidPassword -->
  <testcase classname="testCases.LoginTest" name="userLoginWithInValidUsernameAndInValidPassword" time="0.0">
    <ignored/>
  </testcase> <!-- userLoginWithInValidUsernameAndInValidPassword -->
  <testcase classname="testCases.LoginTest" name="userLoginWithValidUsernameAndInValidPassword" time="0.0">
    <ignored/>
  </testcase> <!-- userLoginWithValidUsernameAndInValidPassword -->
</testsuite> <!-- Test3 -->
